#
# There is insufficient memory for the Java Runtime Environment to continue.
# Native memory allocation (malloc) failed to allocate 715136 bytes. Error detail: Chunk::new
# Possible reasons:
#   The system is out of physical RAM or swap space
#   This process is running with CompressedOops enabled, and the Java Heap may be blocking the growth of the native heap
# Possible solutions:
#   Reduce memory load on the system
#   Increase physical memory or swap space
#   Check if swap backing store is full
#   Decrease Java heap size (-Xmx/-Xms)
#   Decrease number of Java threads
#   Decrease Java thread stack sizes (-Xss)
#   Set larger code cache with -XX:ReservedCodeCacheSize=
#   JVM is running with Zero Based Compressed Oops mode in which the Java heap is
#     placed in the first 32GB address space. The Java Heap base address is the
#     maximum limit for the native heap growth. Please use -XX:HeapBaseMinAddress
#     to set the Java Heap base and to place the Java Heap above 32GB virtual address.
# This output file may be truncated or incomplete.
#
#  Out of Memory Error (arena.cpp:162), pid=23532, tid=11148
#
# JRE version: OpenJDK Runtime Environment (24.0.1+9) (build 24.0.1+9-30)
# Java VM: OpenJDK 64-Bit Server VM (24.0.1+9-30, mixed mode, sharing, tiered, compressed oops, compressed class ptrs, g1 gc, windows-amd64)
# No core dump will be written. Minidumps are not enabled by default on client versions of Windows
#

---------------  S U M M A R Y ------------

Command Line: -javaagent:E:\IntelliJ IDEA Community Edition 2024.3.5\lib\idea_rt.jar=49708 -Dfile.encoding=UTF-8 -Dsun.stdout.encoding=UTF-8 -Dsun.stderr.encoding=UTF-8 com.pharmacy.pharmacy.PharmacyApplication

Host: 13th Gen Intel(R) Core(TM) i5-13420H, 12 cores, 15G,  Windows 11 , 64 bit Build 26100 (10.0.26100.4768)
Time: Sat Aug 30 01:43:12 2025 India Standard Time elapsed time: 1567.228072 seconds (0d 0h 26m 7s)

---------------  T H R E A D  ---------------

Current thread (0x0000029ed1490090):  JavaThread "C2 CompilerThread0" daemon [_thread_in_native, id=11148, stack(0x000000f541600000,0x000000f541700000) (1024K)]


Current CompileTask:
C2:1567228 7247       4       sun.security.ec.ECOperations::setSum (685 bytes)

Stack: [0x000000f541600000,0x000000f541700000]
Native frames: (J=compiled Java code, j=interpreted, Vv=VM code, C=native code)
V  [jvm.dll+0x730739]  (no source info available)
V  [jvm.dll+0x8d9b23]  (no source info available)
V  [jvm.dll+0x8dc00d]  (no source info available)
V  [jvm.dll+0x8dc683]  (no source info available)
V  [jvm.dll+0x2aa086]  (no source info available)
V  [jvm.dll+0xcedef]  (no source info available)
V  [jvm.dll+0xcf04f]  (no source info available)
V  [jvm.dll+0x3201a1]  (no source info available)
V  [jvm.dll+0x64bb48]  (no source info available)
V  [jvm.dll+0x278334]  (no source info available)
V  [jvm.dll+0x271008]  (no source info available)
V  [jvm.dll+0x26e942]  (no source info available)
V  [jvm.dll+0x1e9d60]  (no source info available)
V  [jvm.dll+0x27e1fb]  (no source info available)
V  [jvm.dll+0x27c49a]  (no source info available)
V  [jvm.dll+0x42f456]  (no source info available)
V  [jvm.dll+0x87d76b]  (no source info available)
V  [jvm.dll+0x72ee55]  (no source info available)
C  [ucrtbase.dll+0x37b0]  (no source info available)
C  [KERNEL32.DLL+0x2e8d7]  (no source info available)
C  [ntdll.dll+0x3c34c]  (no source info available)

Lock stack of current Java thread (top to bottom):


---------------  P R O C E S S  ---------------

Threads class SMR info:
_java_thread_list=0x0000029f186cfdf0, length=31, elements={
0x0000029ece9d2d40, 0x0000029ece9d3680, 0x0000029ece9d44e0, 0x0000029ece9d7280,
0x0000029ece9d7db0, 0x0000029ece9d8cf0, 0x0000029ed1490090, 0x0000029ed1494110,
0x0000029ed16a40b0, 0x0000029f1727b420, 0x0000029f1727bb60, 0x0000029f19701f50,
0x0000029f19704b30, 0x0000029f197026a0, 0x0000029f19703c90, 0x0000029f1b300260,
0x0000029f1b2ff3c0, 0x0000029f1b2ffb10, 0x0000029f1b303590, 0x0000029f1b301fa0,
0x0000029f1b303ce0, 0x0000029f1b304430, 0x0000029f1b301100, 0x0000029f1b302e40,
0x0000029f1b301850, 0x0000029f1b3052d0, 0x0000029f1b305a20, 0x0000029f1b304b80,
0x0000029f1b3026f0, 0x0000029f1b306170, 0x0000029f1b3068c0
}

Java Threads: ( => current thread )
  0x0000029ece9d2d40 JavaThread "Reference Handler"          daemon [_thread_blocked, id=21236, stack(0x000000f541000000,0x000000f541100000) (1024K)]
  0x0000029ece9d3680 JavaThread "Finalizer"                  daemon [_thread_blocked, id=2056, stack(0x000000f541100000,0x000000f541200000) (1024K)]
  0x0000029ece9d44e0 JavaThread "Signal Dispatcher"          daemon [_thread_blocked, id=29632, stack(0x000000f541200000,0x000000f541300000) (1024K)]
  0x0000029ece9d7280 JavaThread "Attach Listener"            daemon [_thread_blocked, id=20752, stack(0x000000f541300000,0x000000f541400000) (1024K)]
  0x0000029ece9d7db0 JavaThread "Service Thread"             daemon [_thread_blocked, id=9036, stack(0x000000f541400000,0x000000f541500000) (1024K)]
  0x0000029ece9d8cf0 JavaThread "Monitor Deflation Thread"   daemon [_thread_blocked, id=18952, stack(0x000000f541500000,0x000000f541600000) (1024K)]
=>0x0000029ed1490090 JavaThread "C2 CompilerThread0"         daemon [_thread_in_native, id=11148, stack(0x000000f541600000,0x000000f541700000) (1024K)]
  0x0000029ed1494110 JavaThread "C1 CompilerThread0"         daemon [_thread_blocked, id=26308, stack(0x000000f541700000,0x000000f541800000) (1024K)]
  0x0000029ed16a40b0 JavaThread "Common-Cleaner"             daemon [_thread_blocked, id=28964, stack(0x000000f541800000,0x000000f541900000) (1024K)]
  0x0000029f1727b420 JavaThread "Monitor Ctrl-Break"         daemon [_thread_in_native, id=29400, stack(0x000000f541900000,0x000000f541a00000) (1024K)]
  0x0000029f1727bb60 JavaThread "Notification Thread"        daemon [_thread_blocked, id=17272, stack(0x000000f541a00000,0x000000f541b00000) (1024K)]
  0x0000029f19701f50 JavaThread "Catalina-utility-1"                [_thread_blocked, id=11516, stack(0x000000f541e00000,0x000000f541f00000) (1024K)]
  0x0000029f19704b30 JavaThread "Catalina-utility-2"                [_thread_blocked, id=17084, stack(0x000000f542b00000,0x000000f542c00000) (1024K)]
  0x0000029f197026a0 JavaThread "container-0"                       [_thread_blocked, id=19244, stack(0x000000f542c00000,0x000000f542d00000) (1024K)]
  0x0000029f19703c90 JavaThread "mysql-cj-abandoned-connection-cleanup" daemon [_thread_blocked, id=22464, stack(0x000000f542d00000,0x000000f542e00000) (1024K)]
  0x0000029f1b300260 JavaThread "HikariPool-1:housekeeper"   daemon [_thread_blocked, id=23072, stack(0x000000f542f00000,0x000000f543000000) (1024K)]
  0x0000029f1b2ff3c0 JavaThread "File Watcher"               daemon [_thread_blocked, id=25024, stack(0x000000f543100000,0x000000f543200000) (1024K)]
  0x0000029f1b2ffb10 JavaThread "Live Reload Server"         daemon [_thread_in_native, id=14792, stack(0x000000f543300000,0x000000f543400000) (1024K)]
  0x0000029f1b303590 JavaThread "http-nio-8080-exec-1"       daemon [_thread_blocked, id=15104, stack(0x000000f543200000,0x000000f543300000) (1024K)]
  0x0000029f1b301fa0 JavaThread "http-nio-8080-exec-2"       daemon [_thread_blocked, id=4720, stack(0x000000f543400000,0x000000f543500000) (1024K)]
  0x0000029f1b303ce0 JavaThread "http-nio-8080-exec-3"       daemon [_thread_blocked, id=23804, stack(0x000000f543500000,0x000000f543600000) (1024K)]
  0x0000029f1b304430 JavaThread "http-nio-8080-exec-4"       daemon [_thread_blocked, id=26656, stack(0x000000f543600000,0x000000f543700000) (1024K)]
  0x0000029f1b301100 JavaThread "http-nio-8080-exec-5"       daemon [_thread_blocked, id=26860, stack(0x000000f543700000,0x000000f543800000) (1024K)]
  0x0000029f1b302e40 JavaThread "http-nio-8080-exec-6"       daemon [_thread_blocked, id=24548, stack(0x000000f543800000,0x000000f543900000) (1024K)]
  0x0000029f1b301850 JavaThread "http-nio-8080-exec-7"       daemon [_thread_blocked, id=28108, stack(0x000000f543900000,0x000000f543a00000) (1024K)]
  0x0000029f1b3052d0 JavaThread "http-nio-8080-exec-8"       daemon [_thread_blocked, id=15660, stack(0x000000f543a00000,0x000000f543b00000) (1024K)]
  0x0000029f1b305a20 JavaThread "http-nio-8080-exec-9"       daemon [_thread_blocked, id=22788, stack(0x000000f543b00000,0x000000f543c00000) (1024K)]
  0x0000029f1b304b80 JavaThread "http-nio-8080-exec-10"      daemon [_thread_blocked, id=21008, stack(0x000000f543c00000,0x000000f543d00000) (1024K)]
  0x0000029f1b3026f0 JavaThread "http-nio-8080-Poller"       daemon [_thread_in_native, id=28772, stack(0x000000f543d00000,0x000000f543e00000) (1024K)]
  0x0000029f1b306170 JavaThread "http-nio-8080-Acceptor"     daemon [_thread_in_native, id=15124, stack(0x000000f543e00000,0x000000f543f00000) (1024K)]
  0x0000029f1b3068c0 JavaThread "DestroyJavaVM"                     [_thread_blocked, id=26676, stack(0x000000f540800000,0x000000f540900000) (1024K)]
Total: 31

Other Threads:
  0x0000029ece9c26c0 VMThread "VM Thread"                           [id=27600, stack(0x000000f540f00000,0x000000f541000000) (1024K)]
  0x0000029ece9b69a0 WatcherThread "VM Periodic Task Thread"        [id=29024, stack(0x000000f540e00000,0x000000f540f00000) (1024K)]
  0x0000029eb1a52d00 WorkerThread "GC Thread#0"                     [id=23004, stack(0x000000f540900000,0x000000f540a00000) (1024K)]
  0x0000029f17f8a2f0 WorkerThread "GC Thread#1"                     [id=15432, stack(0x000000f541f00000,0x000000f542000000) (1024K)]
  0x0000029f18127850 WorkerThread "GC Thread#2"                     [id=26748, stack(0x000000f542000000,0x000000f542100000) (1024K)]
  0x0000029f181058f0 WorkerThread "GC Thread#3"                     [id=17412, stack(0x000000f542100000,0x000000f542200000) (1024K)]
  0x0000029f18013780 WorkerThread "GC Thread#4"                     [id=6612, stack(0x000000f542200000,0x000000f542300000) (1024K)]
  0x0000029f18013f30 WorkerThread "GC Thread#5"                     [id=25188, stack(0x000000f542300000,0x000000f542400000) (1024K)]
  0x0000029f18015300 WorkerThread "GC Thread#6"                     [id=9952, stack(0x000000f542400000,0x000000f542500000) (1024K)]
  0x0000029f18015ec0 WorkerThread "GC Thread#7"                     [id=18868, stack(0x000000f542500000,0x000000f542600000) (1024K)]
  0x0000029f17eec2a0 WorkerThread "GC Thread#8"                     [id=25920, stack(0x000000f542700000,0x000000f542800000) (1024K)]
  0x0000029f17eecdb0 WorkerThread "GC Thread#9"                     [id=24864, stack(0x000000f542800000,0x000000f542900000) (1024K)]
  0x0000029eb1a60800 ConcurrentGCThread "G1 Main Marker"            [id=15428, stack(0x000000f540a00000,0x000000f540b00000) (1024K)]
  0x0000029ece823c20 WorkerThread "G1 Conc#0"                       [id=11568, stack(0x000000f540b00000,0x000000f540c00000) (1024K)]
  0x0000029f17eec650 WorkerThread "G1 Conc#1"                       [id=28732, stack(0x000000f542900000,0x000000f542a00000) (1024K)]
  0x0000029f17eed160 WorkerThread "G1 Conc#2"                       [id=12236, stack(0x000000f542a00000,0x000000f542b00000) (1024K)]
  0x0000029eb1a9e6e0 ConcurrentGCThread "G1 Refine#0"               [id=20468, stack(0x000000f540c00000,0x000000f540d00000) (1024K)]
  0x0000029ece8762a0 ConcurrentGCThread "G1 Service"                [id=25116, stack(0x000000f540d00000,0x000000f540e00000) (1024K)]
Total: 18

Threads with active compile tasks:
C2 CompilerThread0  1567395 7247       4       sun.security.ec.ECOperations::setSum (685 bytes)
Total: 1

VM state: not at safepoint (normal execution)

VM Mutex/Monitor currently owned by a thread: None

Heap address: 0x0000000705800000, size: 4008 MB, Compressed Oops mode: Zero based, Oop shift amount: 3

CDS archive(s) mapped at: [0x0000029ed2000000-0x0000029ed2d40000-0x0000029ed2d40000), size 13893632, SharedBaseAddress: 0x0000029ed2000000, ArchiveRelocationMode: 1.
Compressed class space mapped at: 0x0000029ed3000000-0x0000029f13000000, reserved size: 1073741824
UseCompressedClassPointers 1, UseCompactObjectHeaders 0
Narrow klass pointer bits 32, Max shift 3
Narrow klass base: 0x0000029ed2000000, Narrow klass shift: 0
Encoding Range: [0x0000029ed2000000 - 0x0000029fd2000000), (4294967296 bytes)
Klass Range:    [0x0000029ed2000000 - 0x0000029f13000000), (1090519040 bytes)
Klass ID Range:  [8 - 1090519033) (1090519025)

GC Precious Log:
 CardTable entry size: 512
 Card Set container configuration: InlinePtr #cards 4 size 8 Array Of Cards #cards 16 size 48 Howl #buckets 8 coarsen threshold 3686 Howl Bitmap #cards 512 size 80 coarsen threshold 460 Card regions per heap region 1 cards per card region 4096
 CPUs: 12 total, 12 available
 Memory: 16024M
 Large Page Support: Disabled
 NUMA Support: Disabled
 Compressed Oops: Enabled (Zero based)
 Heap Region Size: 2M
 Heap Min Capacity: 8M
 Heap Initial Capacity: 252M
 Heap Max Capacity: 4008M
 Pre-touch: Disabled
 Parallel Workers: 10
 Concurrent Workers: 3
 Concurrent Refinement Workers: 10
 Periodic GC: Disabled

Heap:
 garbage-first heap   total reserved 4104192K, committed 77824K, used 42412K [0x0000000705800000, 0x0000000800000000)
  region size 2048K, 8 young (16384K), 2 survivors (4096K)
 Metaspace       used 70047K, committed 70592K, reserved 1114112K
  class space    used 7450K, committed 7680K, reserved 1048576K

Heap Regions: E=young(eden), S=young(survivor), O=old, HS=humongous(starts), HC=humongous(continues), CS=collection set, F=free, TAMS=top-at-mark-start, PB=parsable bottom
|   0|0x0000000705800000, 0x0000000705a00000, 0x0000000705a00000|100%| O|  |TAMS 0x0000000705800000| PB 0x0000000705800000| Untracked |  0
|   1|0x0000000705a00000, 0x0000000705c00000, 0x0000000705c00000|100%| O|  |TAMS 0x0000000705a00000| PB 0x0000000705a00000| Untracked |  0
|   2|0x0000000705c00000, 0x0000000705e00000, 0x0000000705e00000|100%| O|  |TAMS 0x0000000705c00000| PB 0x0000000705c00000| Untracked |  0
|   3|0x0000000705e00000, 0x0000000706000000, 0x0000000706000000|100%| O|  |TAMS 0x0000000705e00000| PB 0x0000000705e00000| Untracked |  0
|   4|0x0000000706000000, 0x0000000706200000, 0x0000000706200000|100%| O|  |TAMS 0x0000000706000000| PB 0x0000000706000000| Untracked |  0
|   5|0x0000000706200000, 0x0000000706400000, 0x0000000706400000|100%| O|  |TAMS 0x0000000706200000| PB 0x0000000706200000| Untracked |  0
|   6|0x0000000706400000, 0x0000000706600000, 0x0000000706600000|100%| O|  |TAMS 0x0000000706400000| PB 0x0000000706400000| Untracked |  0
|   7|0x0000000706600000, 0x0000000706800000, 0x0000000706800000|100%| O|  |TAMS 0x0000000706600000| PB 0x0000000706600000| Untracked |  0
|   8|0x0000000706800000, 0x0000000706a00000, 0x0000000706a00000|100%| O|  |TAMS 0x0000000706800000| PB 0x0000000706800000| Untracked |  0
|   9|0x0000000706a00000, 0x0000000706c00000, 0x0000000706c00000|100%| O|  |TAMS 0x0000000706a00000| PB 0x0000000706a00000| Untracked |  0
|  10|0x0000000706c00000, 0x0000000706c7dec0, 0x0000000706e00000| 24%| O|  |TAMS 0x0000000706c00000| PB 0x0000000706c00000| Untracked |  0
|  11|0x0000000706e00000, 0x0000000706e00000, 0x0000000707000000|  0%| F|  |TAMS 0x0000000706e00000| PB 0x0000000706e00000| Untracked |  0
|  12|0x0000000707000000, 0x0000000707000000, 0x0000000707200000|  0%| F|  |TAMS 0x0000000707000000| PB 0x0000000707000000| Untracked |  0
|  13|0x0000000707200000, 0x00000007072ed300, 0x0000000707400000| 46%| S|CS|TAMS 0x0000000707200000| PB 0x0000000707200000| Complete |  0
|  14|0x0000000707400000, 0x0000000707400000, 0x0000000707600000|  0%| F|  |TAMS 0x0000000707400000| PB 0x0000000707400000| Untracked |  0
|  15|0x0000000707600000, 0x0000000707600000, 0x0000000707800000|  0%| F|  |TAMS 0x0000000707600000| PB 0x0000000707600000| Untracked |  0
|  16|0x0000000707800000, 0x0000000707800000, 0x0000000707a00000|  0%| F|  |TAMS 0x0000000707800000| PB 0x0000000707800000| Untracked |  0
|  17|0x0000000707a00000, 0x0000000707c00000, 0x0000000707c00000|100%| S|CS|TAMS 0x0000000707a00000| PB 0x0000000707a00000| Complete |  0
|  18|0x0000000707c00000, 0x0000000707c00000, 0x0000000707e00000|  0%| F|  |TAMS 0x0000000707c00000| PB 0x0000000707c00000| Untracked |  0
|  19|0x0000000707e00000, 0x0000000707e00000, 0x0000000708000000|  0%| F|  |TAMS 0x0000000707e00000| PB 0x0000000707e00000| Untracked |  0
|  20|0x0000000708000000, 0x0000000708000000, 0x0000000708200000|  0%| F|  |TAMS 0x0000000708000000| PB 0x0000000708000000| Untracked |  0
|  21|0x0000000708200000, 0x0000000708200000, 0x0000000708400000|  0%| F|  |TAMS 0x0000000708200000| PB 0x0000000708200000| Untracked |  0
|  22|0x0000000708400000, 0x0000000708400000, 0x0000000708600000|  0%| F|  |TAMS 0x0000000708400000| PB 0x0000000708400000| Untracked |  0
|  23|0x0000000708600000, 0x0000000708600000, 0x0000000708800000|  0%| F|  |TAMS 0x0000000708600000| PB 0x0000000708600000| Untracked |  0
|  24|0x0000000708800000, 0x0000000708800000, 0x0000000708a00000|  0%| F|  |TAMS 0x0000000708800000| PB 0x0000000708800000| Untracked |  0
|  25|0x0000000708a00000, 0x0000000708a00000, 0x0000000708c00000|  0%| F|  |TAMS 0x0000000708a00000| PB 0x0000000708a00000| Untracked |  0
|  97|0x0000000711a00000, 0x0000000711a00000, 0x0000000711c00000|  0%| F|  |TAMS 0x0000000711a00000| PB 0x0000000711a00000| Untracked |  0
|  98|0x0000000711c00000, 0x0000000711c00000, 0x0000000711e00000|  0%| F|  |TAMS 0x0000000711c00000| PB 0x0000000711c00000| Untracked |  0
| 102|0x0000000712400000, 0x0000000712573508, 0x0000000712600000| 72%| E|  |TAMS 0x0000000712400000| PB 0x0000000712400000| Complete |  0
| 103|0x0000000712600000, 0x0000000712800000, 0x0000000712800000|100%| E|CS|TAMS 0x0000000712600000| PB 0x0000000712600000| Complete |  0
| 104|0x0000000712800000, 0x0000000712a00000, 0x0000000712a00000|100%| E|CS|TAMS 0x0000000712800000| PB 0x0000000712800000| Complete |  0
| 105|0x0000000712a00000, 0x0000000712c00000, 0x0000000712c00000|100%| E|CS|TAMS 0x0000000712a00000| PB 0x0000000712a00000| Complete |  0
| 125|0x0000000715200000, 0x0000000715400000, 0x0000000715400000|100%| E|CS|TAMS 0x0000000715200000| PB 0x0000000715200000| Complete |  0
|1999|0x00000007ff600000, 0x00000007ff800000, 0x00000007ff800000|100%| O|  |TAMS 0x00000007ff600000| PB 0x00000007ff600000| Untracked |  0
|2000|0x00000007ff800000, 0x00000007ffa00000, 0x00000007ffa00000|100%| O|  |TAMS 0x00000007ff800000| PB 0x00000007ff800000| Untracked |  0
|2001|0x00000007ffa00000, 0x00000007ffc00000, 0x00000007ffc00000|100%| O|  |TAMS 0x00000007ffa00000| PB 0x00000007ffa00000| Untracked |  0
|2002|0x00000007ffc00000, 0x00000007ffe00000, 0x00000007ffe00000|100%| O|  |TAMS 0x00000007ffc00000| PB 0x00000007ffc00000| Untracked |  0
|2003|0x00000007ffe00000, 0x0000000800000000, 0x0000000800000000|100%| E|CS|TAMS 0x00000007ffe00000| PB 0x00000007ffe00000| Complete |  0

Card table byte_map: [0x0000029eca0d0000,0x0000029eca8b0000] _byte_map_base: 0x0000029ec68a4000

Marking Bits: (CMBitMap*) 0x0000029eb1a53410
 Bits: [0x0000029eca8b0000, 0x0000029ece750000)

Polling page: 0x0000029eaf840000

Metaspace:

Usage:
  Non-class:     61.13 MB used.
      Class:      7.28 MB used.
       Both:     68.41 MB used.

Virtual space:
  Non-class space:       64.00 MB reserved,      61.44 MB ( 96%) committed,  1 nodes.
      Class space:        1.00 GB reserved,       7.50 MB ( <1%) committed,  1 nodes.
             Both:        1.06 GB reserved,      68.94 MB (  6%) committed. 

Chunk freelists:
   Non-Class:  2.61 MB
       Class:  8.50 MB
        Both:  11.11 MB

MaxMetaspaceSize: unlimited
CompressedClassSpaceSize: 1.00 GB
Initial GC threshold: 21.00 MB
Current GC threshold: 97.94 MB
CDS: on
 - commit_granule_bytes: 65536.
 - commit_granule_words: 8192.
 - virtual_space_node_default_size: 8388608.
 - enlarge_chunks_in_place: 1.
UseCompressedClassPointers 1, UseCompactObjectHeaders 0
Narrow klass pointer bits 32, Max shift 3
Narrow klass base: 0x0000029ed2000000, Narrow klass shift: 0
Encoding Range: [0x0000029ed2000000 - 0x0000029fd2000000), (4294967296 bytes)
Klass Range:    [0x0000029ed2000000 - 0x0000029f13000000), (1090519040 bytes)
Klass ID Range:  [8 - 1090519033) (1090519025)


Internal statistics:

num_allocs_failed_limit: 9.
num_arena_births: 678.
num_arena_deaths: 0.
num_vsnodes_births: 2.
num_vsnodes_deaths: 0.
num_space_committed: 1103.
num_space_uncommitted: 0.
num_chunks_returned_to_freelist: 9.
num_chunks_taken_from_freelist: 3018.
num_chunk_merges: 9.
num_chunk_splits: 2225.
num_chunks_enlarged: 1817.
num_inconsistent_stats: 0.

CodeHeap 'non-profiled nmethods': size=120064Kb used=3778Kb max_used=3778Kb free=116285Kb
 bounds [0x0000029ec1d40000, 0x0000029ec2100000, 0x0000029ec9280000]
CodeHeap 'profiled nmethods': size=120000Kb used=11134Kb max_used=11134Kb free=108865Kb
 bounds [0x0000029eba280000, 0x0000029ebad60000, 0x0000029ec17b0000]
CodeHeap 'non-nmethods': size=5696Kb used=1575Kb max_used=1719Kb free=4120Kb
 bounds [0x0000029ec17b0000, 0x0000029ec1a20000, 0x0000029ec1d40000]
CodeCache: size=245760Kb, used=16487Kb, max_used=16631Kb, free=229270Kb
 total_blobs=7241, nmethods=6507, adapters=639, full_count=0
Compilation: enabled, stopped_count=0, restarted_count=0

Compilation events (20 events):
Event: 1562.100 Thread 0x0000029ed1494110 7255       3       sun.security.jca.ProviderList$ServiceIterator::hasNext (17 bytes)
Event: 1562.100 Thread 0x0000029ed1494110 nmethod 7255 0x0000029ebad57c08 code [0x0000029ebad57d20, 0x0000029ebad57ea8]
Event: 1562.100 Thread 0x0000029ed1494110 7256       3       sun.security.jca.ProviderList$ServiceIterator::next (5 bytes)
Event: 1562.100 Thread 0x0000029ed1494110 nmethod 7256 0x0000029ebad57f08 code [0x0000029ebad58040, 0x0000029ebad58380]
Event: 1562.100 Thread 0x0000029ed1494110 7257       3       sun.security.jca.ProviderList$ServiceIterator::next (33 bytes)
Event: 1562.101 Thread 0x0000029ed1494110 nmethod 7257 0x0000029ebad58408 code [0x0000029ebad58540, 0x0000029ebad587a8]
Event: 1562.101 Thread 0x0000029ed1494110 7258       3       com.sun.crypto.provider.GaloisCounterMode$GCMEngine::restoreDst (28 bytes)
Event: 1562.101 Thread 0x0000029ed1494110 nmethod 7258 0x0000029ebad58808 code [0x0000029ebad58940, 0x0000029ebad58c88]
Event: 1562.101 Thread 0x0000029ed1494110 7259       3       com.mysql.cj.protocol.a.NativePacketPayload::writeBytes (73 bytes)
Event: 1562.102 Thread 0x0000029ed1494110 nmethod 7259 0x0000029ebad58d08 code [0x0000029ebad58e40, 0x0000029ebad592a8]
Event: 1562.102 Thread 0x0000029ed1494110 7260       3       java.nio.ByteBuffer::get (9 bytes)
Event: 1562.102 Thread 0x0000029ed1494110 nmethod 7260 0x0000029ebad59308 code [0x0000029ebad59420, 0x0000029ebad595f8]
Event: 1562.103 Thread 0x0000029ed1494110 7262   !   3       sun.security.ssl.SSLCipher$T13GcmWriteCipherGenerator$GcmWriteCipher::encrypt (329 bytes)
Event: 1562.106 Thread 0x0000029ed1494110 nmethod 7262 0x0000029ebad59608 code [0x0000029ebad599a0, 0x0000029ebad5be20]
Event: 1562.106 Thread 0x0000029ed1494110 7264       3       com.mysql.cj.protocol.a.NativeProtocol::read (55 bytes)
Event: 1562.110 Thread 0x0000029ed1494110 nmethod 7264 0x0000029ebad5bf08 code [0x0000029ebad5c100, 0x0000029ebad5cde0]
Event: 1562.110 Thread 0x0000029ed1494110 7261       3       sun.security.ssl.SSLCipher$T13GcmWriteCipherGenerator$GcmWriteCipher::calculatePacketSize (9 bytes)
Event: 1562.110 Thread 0x0000029ed1494110 nmethod 7261 0x0000029ebad5ce88 code [0x0000029ebad5cfa0, 0x0000029ebad5d0b8]
Event: 1562.110 Thread 0x0000029ed1494110 7263       3       com.sun.crypto.provider.GaloisCounterMode$GCMEncrypt::doFinal (286 bytes)
Event: 1562.112 Thread 0x0000029ed1494110 nmethod 7263 0x0000029ebad5d188 code [0x0000029ebad5d4e0, 0x0000029ebad5fab0]

GC Heap History (20 events):
Event: 8.333 GC heap before
{Heap before GC invocations=1 (full 0):
 garbage-first heap   total reserved 4104192K, committed 260096K, used 48881K [0x0000000705800000, 0x0000000800000000)
  region size 2048K, 23 young (47104K), 3 survivors (6144K)
 Metaspace       used 21272K, committed 21504K, reserved 1114112K
  class space    used 2203K, committed 2304K, reserved 1048576K
}
Event: 8.338 GC heap after
{Heap after GC invocations=2 (full 0):
 garbage-first heap   total reserved 4104192K, committed 260096K, used 14664K [0x0000000705800000, 0x0000000800000000)
  region size 2048K, 6 young (12288K), 6 survivors (12288K)
 Metaspace       used 21272K, committed 21504K, reserved 1114112K
  class space    used 2203K, committed 2304K, reserved 1048576K
}
Event: 9.185 GC heap before
{Heap before GC invocations=3 (full 0):
 garbage-first heap   total reserved 4104192K, committed 61440K, used 57672K [0x0000000705800000, 0x0000000800000000)
  region size 2048K, 27 young (55296K), 6 survivors (12288K)
 Metaspace       used 26476K, committed 26752K, reserved 1114112K
  class space    used 2712K, committed 2816K, reserved 1048576K
}
Event: 9.192 GC heap after
{Heap after GC invocations=4 (full 0):
 garbage-first heap   total reserved 4104192K, committed 77824K, used 18201K [0x0000000705800000, 0x0000000800000000)
  region size 2048K, 4 young (8192K), 4 survivors (8192K)
 Metaspace       used 26476K, committed 26752K, reserved 1114112K
  class space    used 2712K, committed 2816K, reserved 1048576K
}
Event: 9.833 GC heap before
{Heap before GC invocations=4 (full 0):
 garbage-first heap   total reserved 4104192K, committed 77824K, used 53017K [0x0000000705800000, 0x0000000800000000)
  region size 2048K, 21 young (43008K), 4 survivors (8192K)
 Metaspace       used 31928K, committed 32320K, reserved 1114112K
  class space    used 3346K, committed 3520K, reserved 1048576K
}
Event: 9.839 GC heap after
{Heap after GC invocations=5 (full 0):
 garbage-first heap   total reserved 4104192K, committed 77824K, used 20346K [0x0000000705800000, 0x0000000800000000)
  region size 2048K, 2 young (4096K), 2 survivors (4096K)
 Metaspace       used 31928K, committed 32320K, reserved 1114112K
  class space    used 3346K, committed 3520K, reserved 1048576K
}
Event: 10.293 GC heap before
{Heap before GC invocations=5 (full 0):
 garbage-first heap   total reserved 4104192K, committed 77824K, used 38778K [0x0000000705800000, 0x0000000800000000)
  region size 2048K, 12 young (24576K), 2 survivors (4096K)
 Metaspace       used 35581K, committed 35968K, reserved 1114112K
  class space    used 3738K, committed 3904K, reserved 1048576K
}
Event: 10.296 GC heap after
{Heap after GC invocations=6 (full 0):
 garbage-first heap   total reserved 4104192K, committed 77824K, used 21643K [0x0000000705800000, 0x0000000800000000)
  region size 2048K, 3 young (6144K), 3 survivors (6144K)
 Metaspace       used 35581K, committed 35968K, reserved 1114112K
  class space    used 3738K, committed 3904K, reserved 1048576K
}
Event: 11.248 GC heap before
{Heap before GC invocations=7 (full 0):
 garbage-first heap   total reserved 4104192K, committed 77824K, used 56459K [0x0000000705800000, 0x0000000800000000)
  region size 2048K, 21 young (43008K), 3 survivors (6144K)
 Metaspace       used 48660K, committed 49088K, reserved 1114112K
  class space    used 5138K, committed 5312K, reserved 1048576K
}
Event: 11.252 GC heap after
{Heap after GC invocations=8 (full 0):
 garbage-first heap   total reserved 4104192K, committed 77824K, used 24972K [0x0000000705800000, 0x0000000800000000)
  region size 2048K, 3 young (6144K), 3 survivors (6144K)
 Metaspace       used 48660K, committed 49088K, reserved 1114112K
  class space    used 5138K, committed 5312K, reserved 1048576K
}
Event: 11.838 GC heap before
{Heap before GC invocations=8 (full 0):
 garbage-first heap   total reserved 4104192K, committed 77824K, used 57740K [0x0000000705800000, 0x0000000800000000)
  region size 2048K, 20 young (40960K), 3 survivors (6144K)
 Metaspace       used 58595K, committed 59008K, reserved 1114112K
  class space    used 6144K, committed 6336K, reserved 1048576K
}
Event: 11.842 GC heap after
{Heap after GC invocations=9 (full 0):
 garbage-first heap   total reserved 4104192K, committed 77824K, used 26791K [0x0000000705800000, 0x0000000800000000)
  region size 2048K, 2 young (4096K), 2 survivors (4096K)
 Metaspace       used 58595K, committed 59008K, reserved 1114112K
  class space    used 6144K, committed 6336K, reserved 1048576K
}
Event: 11.922 GC heap before
{Heap before GC invocations=9 (full 0):
 garbage-first heap   total reserved 4104192K, committed 77824K, used 30887K [0x0000000705800000, 0x0000000800000000)
  region size 2048K, 5 young (10240K), 2 survivors (4096K)
 Metaspace       used 59708K, committed 60096K, reserved 1114112K
  class space    used 6287K, committed 6464K, reserved 1048576K
}
Event: 11.924 GC heap after
{Heap after GC invocations=10 (full 0):
 garbage-first heap   total reserved 4104192K, committed 77824K, used 26828K [0x0000000705800000, 0x0000000800000000)
  region size 2048K, 2 young (4096K), 2 survivors (4096K)
 Metaspace       used 59708K, committed 60096K, reserved 1114112K
  class space    used 6287K, committed 6464K, reserved 1048576K
}
Event: 12.531 GC heap before
{Heap before GC invocations=11 (full 0):
 garbage-first heap   total reserved 4104192K, committed 77824K, used 61644K [0x0000000705800000, 0x0000000800000000)
  region size 2048K, 20 young (40960K), 2 survivors (4096K)
 Metaspace       used 66055K, committed 66560K, reserved 1114112K
  class space    used 6999K, committed 7232K, reserved 1048576K
}
Event: 12.534 GC heap after
{Heap after GC invocations=12 (full 0):
 garbage-first heap   total reserved 4104192K, committed 77824K, used 29619K [0x0000000705800000, 0x0000000800000000)
  region size 2048K, 3 young (6144K), 3 survivors (6144K)
 Metaspace       used 66055K, committed 66560K, reserved 1114112K
  class space    used 6999K, committed 7232K, reserved 1048576K
}
Event: 178.695 GC heap before
{Heap before GC invocations=12 (full 0):
 garbage-first heap   total reserved 4104192K, committed 77824K, used 64435K [0x0000000705800000, 0x0000000800000000)
  region size 2048K, 20 young (40960K), 3 survivors (6144K)
 Metaspace       used 69767K, committed 70336K, reserved 1114112K
  class space    used 7446K, committed 7680K, reserved 1048576K
}
Event: 178.712 GC heap after
{Heap after GC invocations=13 (full 0):
 garbage-first heap   total reserved 4104192K, committed 77824K, used 31714K [0x0000000705800000, 0x0000000800000000)
  region size 2048K, 3 young (6144K), 3 survivors (6144K)
 Metaspace       used 69767K, committed 70336K, reserved 1114112K
  class space    used 7446K, committed 7680K, reserved 1048576K
}
Event: 1264.942 GC heap before
{Heap before GC invocations=13 (full 0):
 garbage-first heap   total reserved 4104192K, committed 77824K, used 64482K [0x0000000705800000, 0x0000000800000000)
  region size 2048K, 19 young (38912K), 3 survivors (6144K)
 Metaspace       used 69932K, committed 70464K, reserved 1114112K
  class space    used 7446K, committed 7680K, reserved 1048576K
}
Event: 1264.976 GC heap after
{Heap after GC invocations=14 (full 0):
 garbage-first heap   total reserved 4104192K, committed 77824K, used 32172K [0x0000000705800000, 0x0000000800000000)
  region size 2048K, 2 young (4096K), 2 survivors (4096K)
 Metaspace       used 69932K, committed 70464K, reserved 1114112K
  class space    used 7446K, committed 7680K, reserved 1048576K
}

Dll operation events (13 events):
Event: 0.041 Loaded shared library C:\Users\Akshit soni\.jdks\openjdk-24.0.1\bin\java.dll
Event: 0.064 Loaded shared library C:\Users\Akshit soni\.jdks\openjdk-24.0.1\bin\jsvml.dll
Event: 0.151 Loaded shared library C:\Users\Akshit soni\.jdks\openjdk-24.0.1\bin\zip.dll
Event: 0.153 Loaded shared library C:\Users\Akshit soni\.jdks\openjdk-24.0.1\bin\instrument.dll
Event: 0.157 Loaded shared library C:\Users\Akshit soni\.jdks\openjdk-24.0.1\bin\net.dll
Event: 0.158 Loaded shared library C:\Users\Akshit soni\.jdks\openjdk-24.0.1\bin\nio.dll
Event: 0.209 Loaded shared library C:\Users\Akshit soni\.jdks\openjdk-24.0.1\bin\zip.dll
Event: 7.116 Loaded shared library C:\Users\Akshit soni\.jdks\openjdk-24.0.1\bin\extnet.dll
Event: 7.149 Loaded shared library C:\Users\Akshit soni\.jdks\openjdk-24.0.1\bin\jimage.dll
Event: 7.349 Loaded shared library C:\Users\Akshit soni\.jdks\openjdk-24.0.1\bin\management.dll
Event: 7.350 Loaded shared library C:\Users\Akshit soni\.jdks\openjdk-24.0.1\bin\management_ext.dll
Event: 8.340 Loaded shared library C:\Users\Akshit soni\.jdks\openjdk-24.0.1\bin\sunmscapi.dll
Event: 10.431 Loaded shared library C:\Users\Akshit soni\.jdks\openjdk-24.0.1\bin\verify.dll

Deoptimization events (20 events):
Event: 12.970 Thread 0x0000029f17a2c450 DEOPT PACKING pc=0x0000029ec1dc51d0 sp=0x000000f541cfe7c0
Event: 12.970 Thread 0x0000029f17a2c450 DEOPT UNPACKING pc=0x0000029ec18c6382 sp=0x000000f541cfe670 mode 2
Event: 12.995 Thread 0x0000029f17a2c450 Uncommon trap: trap_request=0xffffff4d fr.pc=0x0000029ec1ea1018 relative=0x00000000000000f8
Event: 12.995 Thread 0x0000029f17a2c450 Uncommon trap: reason=unstable_if action=reinterpret pc=0x0000029ec1ea1018 method=java.util.ArrayList.indexOfRange(Ljava/lang/Object;II)I @ 7 c2
Event: 12.995 Thread 0x0000029f17a2c450 DEOPT PACKING pc=0x0000029ec1ea1018 sp=0x000000f541cfe450
Event: 12.996 Thread 0x0000029f17a2c450 DEOPT UNPACKING pc=0x0000029ec18c6382 sp=0x000000f541cfe3d0 mode 2
Event: 19.993 Thread 0x0000029f19704b30 Uncommon trap: trap_request=0xffffff4d fr.pc=0x0000029ec1feaa20 relative=0x0000000000000100
Event: 19.993 Thread 0x0000029f19704b30 Uncommon trap: reason=unstable_if action=reinterpret pc=0x0000029ec1feaa20 method=java.util.concurrent.locks.ReentrantLock$Sync.lock()V @ 4 c2
Event: 19.993 Thread 0x0000029f19704b30 DEOPT PACKING pc=0x0000029ec1feaa20 sp=0x000000f542bff1b0
Event: 19.993 Thread 0x0000029f19704b30 DEOPT UNPACKING pc=0x0000029ec18c6382 sp=0x000000f542bff0f0 mode 2
Event: 480.691 Thread 0x0000029f1b300260 DEOPT PACKING pc=0x0000029ebab35e4a sp=0x000000f542ffe150
Event: 480.691 Thread 0x0000029f1b300260 DEOPT UNPACKING pc=0x0000029ec1805722 sp=0x000000f542ffd610 mode 0
Event: 1331.999 Thread 0x0000029f19704b30 Uncommon trap: trap_request=0xffffff4d fr.pc=0x0000029ec20e0e58 relative=0x00000000000000b8
Event: 1331.999 Thread 0x0000029f19704b30 Uncommon trap: reason=unstable_if action=reinterpret pc=0x0000029ec20e0e58 method=java.util.concurrent.ScheduledThreadPoolExecutor$ScheduledFutureTask.compareTo(Ljava/util/concurrent/Delayed;)I @ 40 c2
Event: 1331.999 Thread 0x0000029f19704b30 DEOPT PACKING pc=0x0000029ec20e0e58 sp=0x000000f542bff100
Event: 1331.999 Thread 0x0000029f19704b30 DEOPT UNPACKING pc=0x0000029ec18c6382 sp=0x000000f542bff088 mode 2
Event: 1482.561 Thread 0x0000029f197043e0 DEOPT PACKING pc=0x0000029ebab27b87 sp=0x000000f5406fd7f0
Event: 1482.561 Thread 0x0000029f197043e0 DEOPT UNPACKING pc=0x0000029ec1805722 sp=0x000000f5406fcc80 mode 0
Event: 1562.089 Thread 0x0000029f197043e0 DEOPT PACKING pc=0x0000029eba2a062e sp=0x000000f5406fdbe0
Event: 1562.089 Thread 0x0000029f197043e0 DEOPT UNPACKING pc=0x0000029ec1805722 sp=0x000000f5406fd038 mode 0

Classes loaded (20 events):
Event: 13.009 Loading class com/sun/beans/util/Cache done
Event: 13.009 Loading class com/sun/beans/introspect/ClassInfo$1 done
Event: 13.009 Loading class com/sun/beans/util/Cache$Kind
Event: 13.009 Loading class com/sun/beans/util/Cache$Kind done
Event: 13.009 Loading class com/sun/beans/util/Cache$Kind$1
Event: 13.009 Loading class com/sun/beans/util/Cache$Kind$1 done
Event: 13.009 Loading class com/sun/beans/util/Cache$Kind$2
Event: 13.009 Loading class com/sun/beans/util/Cache$Kind$2 done
Event: 13.009 Loading class com/sun/beans/util/Cache$Kind$3
Event: 13.009 Loading class com/sun/beans/util/Cache$Kind$3 done
Event: 13.009 Loading class com/sun/beans/util/Cache$CacheEntry
Event: 13.009 Loading class com/sun/beans/util/Cache$CacheEntry done
Event: 1368.441 Loading class sun/security/ssl/Alert
Event: 1368.461 Loading class sun/security/ssl/Alert done
Event: 1368.463 Loading class sun/security/ssl/Alert$AlertConsumer
Event: 1368.469 Loading class sun/security/ssl/Alert$AlertConsumer done
Event: 1368.469 Loading class sun/security/ssl/Alert$Level
Event: 1368.470 Loading class sun/security/ssl/Alert$Level done
Event: 1368.476 Loading class sun/net/ConnectionResetException
Event: 1368.477 Loading class sun/net/ConnectionResetException done

Classes unloaded (0 events):
No events

Classes redefined (0 events):
No events

Internal exceptions (20 events):
Event: 12.161 Thread 0x0000029f17a2c450 Exception <a 'java/lang/IncompatibleClassChangeError'{0x0000000708934658}: Found class java.lang.Object, but interface was expected> (0x0000000708934658) 
thrown [s\open\src\hotspot\share\interpreter\linkResolver.cpp, line 872]
Event: 12.200 Thread 0x0000029f17a2c450 Exception <a 'java/lang/IncompatibleClassChangeError'{0x00000007086c8ee0}: Found class java.lang.Object, but interface was expected> (0x00000007086c8ee0) 
thrown [s\open\src\hotspot\share\interpreter\linkResolver.cpp, line 872]
Event: 12.284 Thread 0x0000029f17a2c450 Exception <a 'java/lang/IncompatibleClassChangeError'{0x0000000708121d30}: Found class java.lang.Object, but interface was expected> (0x0000000708121d30) 
thrown [s\open\src\hotspot\share\interpreter\linkResolver.cpp, line 872]
Event: 12.385 Thread 0x0000029f17a2c450 Exception <a 'java/lang/IncompatibleClassChangeError'{0x0000000707aee690}: Found class java.lang.Object, but interface was expected> (0x0000000707aee690) 
thrown [s\open\src\hotspot\share\interpreter\linkResolver.cpp, line 872]
Event: 12.386 Thread 0x0000029f17a2c450 Exception <a 'java/lang/IncompatibleClassChangeError'{0x0000000707afe720}: Found class java.lang.Object, but interface was expected> (0x0000000707afe720) 
thrown [s\open\src\hotspot\share\interpreter\linkResolver.cpp, line 872]
Event: 12.426 Thread 0x0000029f17a2c450 Exception <a 'java/lang/NoSuchMethodError'{0x0000000707882610}: 'java.lang.Object java.lang.invoke.DirectMethodHandle$Holder.invokeStatic(java.lang.Object, int, java.lang.Object)'> (0x0000000707882610) 
thrown [s\open\src\hotspot\share\interpreter\linkResolver.cpp, line 805]
Event: 12.517 Thread 0x0000029f17a2c450 Exception <a 'java/lang/NoSuchMethodError'{0x00000007075611f0}: 'java.lang.Object java.lang.invoke.DirectMethodHandle$Holder.invokeInterface(java.lang.Object, java.lang.Object, java.lang.Object, java.lang.Object)'> (0x00000007075611f0) 
thrown [s\open\src\hotspot\share\interpreter\linkResolver.cpp, line 805]
Event: 12.563 Thread 0x0000029f17a2c450 Exception <a 'java/lang/NoSuchMethodError'{0x00000007fff577d0}: 'java.lang.Object java.lang.invoke.DirectMethodHandle$Holder.newInvokeSpecial(java.lang.Object, java.lang.Object, java.lang.Object, java.lang.Object, java.lang.Object, java.lang.Object, java.lang.Object, java.lang.Object)'> (0x00000007fff577d0) 
thrown [s\open\src\hotspot\share\interpreter\linkResolver.cpp, line 805]
Event: 12.595 Thread 0x0000029f17a2c450 Exception <a 'java/io/IOException'{0x000000071532ddc0}> (0x000000071532ddc0) 
thrown [s\open\src\hotspot\share\prims\jni.cpp, line 518]
Event: 12.778 Thread 0x0000029f17a2c450 Exception <a 'java/lang/IncompatibleClassChangeError'{0x0000000711c8e9e8}: Found class java.lang.Object, but interface was expected> (0x0000000711c8e9e8) 
thrown [s\open\src\hotspot\share\interpreter\linkResolver.cpp, line 872]
Event: 12.799 Thread 0x0000029f17a2c450 Implicit null exception at 0x0000029ec1e52f4c to 0x0000029ec1e53016
Event: 12.846 Thread 0x0000029f17a2c450 Exception <a 'java/lang/NoSuchMethodError'{0x0000000708a35590}: 'int java.lang.invoke.DirectMethodHandle$Holder.invokeStaticInit(java.lang.Object, java.lang.Object, java.lang.Object, java.lang.Object)'> (0x0000000708a35590) 
thrown [s\open\src\hotspot\share\interpreter\linkResolver.cpp, line 805]
Event: 12.850 Thread 0x0000029f17a2c450 Implicit null exception at 0x0000029ec1ef989f to 0x0000029ec1ef9dc4
Event: 12.877 Thread 0x0000029f17a2c450 Exception <a 'java/lang/IncompatibleClassChangeError'{0x0000000708be2bc8}: Found class java.lang.Object, but interface was expected> (0x0000000708be2bc8) 
thrown [s\open\src\hotspot\share\interpreter\linkResolver.cpp, line 872]
Event: 12.887 Thread 0x0000029f17a2c450 Implicit null exception at 0x0000029ec1e9b322 to 0x0000029ec1e9b41c
Event: 12.971 Thread 0x0000029f17a2c450 Exception <a 'java/lang/NoSuchMethodError'{0x00000007085ac9b8}: 'java.lang.Object java.lang.invoke.DirectMethodHandle$Holder.newInvokeSpecial(java.lang.Object, java.lang.Object, int, java.lang.Object, java.lang.Object)'> (0x00000007085ac9b8) 
thrown [s\open\src\hotspot\share\interpreter\linkResolver.cpp, line 805]
Event: 1368.473 Thread 0x0000029f1b3009b0 Exception <a 'java/io/IOException'{0x0000000715368e48}> (0x0000000715368e48) 
thrown [s\open\src\hotspot\share\prims\jni.cpp, line 518]
Event: 1368.476 Thread 0x0000029f1b3009b0 Exception <a 'java/io/IOException'{0x000000071536a3d0}> (0x000000071536a3d0) 
thrown [s\open\src\hotspot\share\prims\jni.cpp, line 518]
Event: 1562.081 Thread 0x0000029f1b3009b0 Exception <a 'java/io/IOException'{0x00000007125029c0}> (0x00000007125029c0) 
thrown [s\open\src\hotspot\share\prims\jni.cpp, line 518]
Event: 1562.081 Thread 0x0000029f1b3009b0 Exception <a 'java/io/IOException'{0x0000000712503628}> (0x0000000712503628) 
thrown [s\open\src\hotspot\share\prims\jni.cpp, line 518]

VM Operations (20 events):
Event: 12.531 Executing VM operation: G1CollectForAllocation (G1 Evacuation Pause)
Event: 12.534 Executing VM operation: G1CollectForAllocation (G1 Evacuation Pause) done
Event: 12.640 Executing VM operation: HandshakeAllThreads (Deoptimize)
Event: 12.640 Executing VM operation: HandshakeAllThreads (Deoptimize) done
Event: 12.665 Executing VM operation: HandshakeAllThreads (Deoptimize)
Event: 12.665 Executing VM operation: HandshakeAllThreads (Deoptimize) done
Event: 12.788 Executing VM operation: HandshakeAllThreads (Deoptimize)
Event: 12.788 Executing VM operation: HandshakeAllThreads (Deoptimize) done
Event: 12.824 Executing VM operation: HandshakeAllThreads (Deoptimize)
Event: 12.824 Executing VM operation: HandshakeAllThreads (Deoptimize) done
Event: 12.970 Executing VM operation: HandshakeAllThreads (Deoptimize)
Event: 12.970 Executing VM operation: HandshakeAllThreads (Deoptimize) done
Event: 60.211 Executing VM operation: HandshakeAllThreads (HandshakeForDeflation)
Event: 60.211 Executing VM operation: HandshakeAllThreads (HandshakeForDeflation) done
Event: 60.211 Executing VM operation: RendezvousGCThreads
Event: 60.211 Executing VM operation: RendezvousGCThreads done
Event: 178.695 Executing VM operation: G1CollectForAllocation (G1 Evacuation Pause)
Event: 178.712 Executing VM operation: G1CollectForAllocation (G1 Evacuation Pause) done
Event: 1264.940 Executing VM operation: G1CollectForAllocation (G1 Evacuation Pause)
Event: 1264.976 Executing VM operation: G1CollectForAllocation (G1 Evacuation Pause) done

Memory protections (0 events):
No events

Nmethod flushes (20 events):
Event: 11.936 Thread 0x0000029ece9c26c0 flushing  nmethod 0x0000029eba492b08
Event: 11.936 Thread 0x0000029ece9c26c0 flushing  nmethod 0x0000029eba492f08
Event: 11.936 Thread 0x0000029ece9c26c0 flushing  nmethod 0x0000029eba493c08
Event: 11.936 Thread 0x0000029ece9c26c0 flushing  nmethod 0x0000029eba494388
Event: 11.936 Thread 0x0000029ece9c26c0 flushing  nmethod 0x0000029eba495208
Event: 11.936 Thread 0x0000029ece9c26c0 flushing  nmethod 0x0000029eba497408
Event: 11.936 Thread 0x0000029ece9c26c0 flushing  nmethod 0x0000029eba50e988
Event: 11.936 Thread 0x0000029ece9c26c0 flushing  nmethod 0x0000029eba510908
Event: 11.936 Thread 0x0000029ece9c26c0 flushing  nmethod 0x0000029eba512f08
Event: 11.936 Thread 0x0000029ece9c26c0 flushing  nmethod 0x0000029eba59a688
Event: 11.936 Thread 0x0000029ece9c26c0 flushing  nmethod 0x0000029eba59aa08
Event: 11.936 Thread 0x0000029ece9c26c0 flushing  nmethod 0x0000029eba616688
Event: 11.936 Thread 0x0000029ece9c26c0 flushing  nmethod 0x0000029eba61f588
Event: 11.936 Thread 0x0000029ece9c26c0 flushing  nmethod 0x0000029eba6e7588
Event: 11.936 Thread 0x0000029ece9c26c0 flushing  nmethod 0x0000029eba754888
Event: 11.936 Thread 0x0000029ece9c26c0 flushing  nmethod 0x0000029eba89a308
Event: 11.936 Thread 0x0000029ece9c26c0 flushing  nmethod 0x0000029eba89ad08
Event: 11.936 Thread 0x0000029ece9c26c0 flushing  nmethod 0x0000029eba94f588
Event: 11.936 Thread 0x0000029ece9c26c0 flushing  nmethod 0x0000029ebaa45888
Event: 11.936 Thread 0x0000029ece9c26c0 flushing  nmethod 0x0000029ebaa45b88

Events (20 events):
Event: 1368.431 Thread 0x0000029f1b300260 Thread added: 0x0000029f1b3009b0
Event: 1368.485 Thread 0x0000029f1b3009b0 Thread added: 0x0000029f197043e0
Event: 1373.488 Thread 0x0000029f1b3009b0 Thread exited: 0x0000029f1b3009b0
Event: 1373.611 Thread 0x0000029f197043e0 Thread exited: 0x0000029f197043e0
Event: 1396.992 Thread 0x0000029f1b300260 Thread added: 0x0000029f197043e0
Event: 1396.993 Thread 0x0000029f197043e0 Thread added: 0x0000029f1b3009b0
Event: 1402.007 Thread 0x0000029f197043e0 Thread exited: 0x0000029f197043e0
Event: 1402.054 Thread 0x0000029f1b3009b0 Thread exited: 0x0000029f1b3009b0
Event: 1482.551 Thread 0x0000029f1b300260 Thread added: 0x0000029f1b3009b0
Event: 1482.555 Thread 0x0000029f1b3009b0 Thread added: 0x0000029f197043e0
Event: 1487.559 Thread 0x0000029f1b3009b0 Thread exited: 0x0000029f1b3009b0
Event: 1487.638 Thread 0x0000029f197043e0 Thread exited: 0x0000029f197043e0
Event: 1497.815 Thread 0x0000029f1b300260 Thread added: 0x0000029f197043e0
Event: 1497.817 Thread 0x0000029f197043e0 Thread added: 0x0000029f1b3009b0
Event: 1502.828 Thread 0x0000029f197043e0 Thread exited: 0x0000029f197043e0
Event: 1502.890 Thread 0x0000029f1b3009b0 Thread exited: 0x0000029f1b3009b0
Event: 1562.078 Thread 0x0000029f1b300260 Thread added: 0x0000029f1b3009b0
Event: 1562.082 Thread 0x0000029f1b3009b0 Thread added: 0x0000029f197043e0
Event: 1567.091 Thread 0x0000029f1b3009b0 Thread exited: 0x0000029f1b3009b0
Event: 1567.222 Thread 0x0000029f197043e0 Thread exited: 0x0000029f197043e0


Dynamic libraries:
0x00007ff6f1dc0000 - 0x00007ff6f1dce000 	C:\Users\Akshit soni\.jdks\openjdk-24.0.1\bin\java.exe
0x00007ffab92c0000 - 0x00007ffab9527000 	C:\WINDOWS\SYSTEM32\ntdll.dll
0x00007ffab7a30000 - 0x00007ffab7af9000 	C:\WINDOWS\System32\KERNEL32.DLL
0x00007ffab66e0000 - 0x00007ffab6ad0000 	C:\WINDOWS\System32\KERNELBASE.dll
0x00007ffab6f00000 - 0x00007ffab704b000 	C:\WINDOWS\System32\ucrtbase.dll
0x00007ffa84000000 - 0x00007ffa84016000 	C:\Users\Akshit soni\.jdks\openjdk-24.0.1\bin\jli.dll
0x00007ffa83fe0000 - 0x00007ffa83ffb000 	C:\Users\Akshit soni\.jdks\openjdk-24.0.1\bin\VCRUNTIME140.dll
0x00007ffab7d20000 - 0x00007ffab7ee5000 	C:\WINDOWS\System32\USER32.dll
0x00007ffa95c50000 - 0x00007ffa95eea000 	C:\WINDOWS\WinSxS\amd64_microsoft.windows.common-controls_6595b64144ccf1df_6.0.26100.4768_none_3e0c112ce331287c\COMCTL32.dll
0x00007ffab6530000 - 0x00007ffab6557000 	C:\WINDOWS\System32\win32u.dll
0x00007ffab9250000 - 0x00007ffab927b000 	C:\WINDOWS\System32\GDI32.dll
0x00007ffab8d00000 - 0x00007ffab8da9000 	C:\WINDOWS\System32\msvcrt.dll
0x00007ffab63f0000 - 0x00007ffab6528000 	C:\WINDOWS\System32\gdi32full.dll
0x00007ffab6cd0000 - 0x00007ffab6d73000 	C:\WINDOWS\System32\msvcp_win.dll
0x00007ffab79f0000 - 0x00007ffab7a1f000 	C:\WINDOWS\System32\IMM32.DLL
0x00007ffa97460000 - 0x00007ffa9746c000 	C:\Users\Akshit soni\.jdks\openjdk-24.0.1\bin\vcruntime140_1.dll
0x00007ffa5f760000 - 0x00007ffa5f7ee000 	C:\Users\Akshit soni\.jdks\openjdk-24.0.1\bin\msvcp140.dll
0x00007ffa42890000 - 0x00007ffa43632000 	C:\Users\Akshit soni\.jdks\openjdk-24.0.1\bin\server\jvm.dll
0x00007ffab8e80000 - 0x00007ffab8f34000 	C:\WINDOWS\System32\ADVAPI32.dll
0x00007ffab7150000 - 0x00007ffab71f6000 	C:\WINDOWS\System32\sechost.dll
0x00007ffab7c00000 - 0x00007ffab7d18000 	C:\WINDOWS\System32\RPCRT4.dll
0x00007ffab70d0000 - 0x00007ffab7144000 	C:\WINDOWS\System32\WS2_32.dll
0x00007ffaa7720000 - 0x00007ffaa7755000 	C:\WINDOWS\SYSTEM32\WINMM.dll
0x00007ffaaa370000 - 0x00007ffaaa37b000 	C:\WINDOWS\SYSTEM32\VERSION.dll
0x00007ffab5bc0000 - 0x00007ffab5c1e000 	C:\WINDOWS\SYSTEM32\POWRPROF.dll
0x00007ffab5ba0000 - 0x00007ffab5bb4000 	C:\WINDOWS\SYSTEM32\UMPDC.dll
0x00007ffab5170000 - 0x00007ffab518b000 	C:\WINDOWS\SYSTEM32\kernel.appcore.dll
0x00007ffa846e0000 - 0x00007ffa846ea000 	C:\Users\Akshit soni\.jdks\openjdk-24.0.1\bin\jimage.dll
0x00007ffab3c70000 - 0x00007ffab3eb1000 	C:\WINDOWS\SYSTEM32\DBGHELP.DLL
0x00007ffab8910000 - 0x00007ffab8c95000 	C:\WINDOWS\System32\combase.dll
0x00007ffab9140000 - 0x00007ffab9220000 	C:\WINDOWS\System32\OLEAUT32.dll
0x00007ffa91180000 - 0x00007ffa911c3000 	C:\WINDOWS\SYSTEM32\dbgcore.DLL
0x00007ffab6b70000 - 0x00007ffab6c09000 	C:\WINDOWS\System32\bcryptPrimitives.dll
0x00007ffa84280000 - 0x00007ffa8428f000 	C:\Users\Akshit soni\.jdks\openjdk-24.0.1\bin\instrument.dll
0x00007ffa83fc0000 - 0x00007ffa83fde000 	C:\Users\Akshit soni\.jdks\openjdk-24.0.1\bin\java.dll
0x00007ffab8010000 - 0x00007ffab81b0000 	C:\WINDOWS\System32\ole32.dll
0x00007ffab81c0000 - 0x00007ffab890d000 	C:\WINDOWS\System32\SHELL32.dll
0x00007ffab6560000 - 0x00007ffab66d3000 	C:\WINDOWS\System32\wintypes.dll
0x00007ffab3fd0000 - 0x00007ffab4830000 	C:\WINDOWS\SYSTEM32\windows.storage.dll
0x00007ffab8f40000 - 0x00007ffab9035000 	C:\WINDOWS\System32\SHCORE.dll
0x00007ffab7ef0000 - 0x00007ffab7f5a000 	C:\WINDOWS\System32\shlwapi.dll
0x00007ffab6310000 - 0x00007ffab6339000 	C:\WINDOWS\SYSTEM32\profapi.dll
0x00007ffa43920000 - 0x00007ffa439f7000 	C:\Users\Akshit soni\.jdks\openjdk-24.0.1\bin\jsvml.dll
0x00007ffa83cc0000 - 0x00007ffa83cd7000 	C:\Users\Akshit soni\.jdks\openjdk-24.0.1\bin\zip.dll
0x00007ffa83e30000 - 0x00007ffa83e40000 	C:\Users\Akshit soni\.jdks\openjdk-24.0.1\bin\net.dll
0x00007ffab5700000 - 0x00007ffab576b000 	C:\WINDOWS\system32\mswsock.dll
0x00007ffa83e10000 - 0x00007ffa83e26000 	C:\Users\Akshit soni\.jdks\openjdk-24.0.1\bin\nio.dll
0x00007ffa83ca0000 - 0x00007ffa83ca9000 	C:\Users\Akshit soni\.jdks\openjdk-24.0.1\bin\extnet.dll
0x00007ffa83c90000 - 0x00007ffa83c9a000 	C:\Users\Akshit soni\.jdks\openjdk-24.0.1\bin\management.dll
0x00007ffa83c60000 - 0x00007ffa83c6b000 	C:\Users\Akshit soni\.jdks\openjdk-24.0.1\bin\management_ext.dll
0x00007ffab8e40000 - 0x00007ffab8e48000 	C:\WINDOWS\System32\PSAPI.DLL
0x00007ffa83cb0000 - 0x00007ffa83cbe000 	C:\Users\Akshit soni\.jdks\openjdk-24.0.1\bin\sunmscapi.dll
0x00007ffab6d80000 - 0x00007ffab6ef7000 	C:\WINDOWS\System32\CRYPT32.dll
0x00007ffab5d00000 - 0x00007ffab5d30000 	C:\WINDOWS\SYSTEM32\ncrypt.dll
0x00007ffab5cb0000 - 0x00007ffab5cef000 	C:\WINDOWS\SYSTEM32\NTASN1.dll
0x00007ffab5a30000 - 0x00007ffab5a4b000 	C:\WINDOWS\SYSTEM32\CRYPTSP.dll
0x00007ffab50d0000 - 0x00007ffab510b000 	C:\WINDOWS\system32\rsaenh.dll
0x00007ffab57a0000 - 0x00007ffab57cb000 	C:\WINDOWS\SYSTEM32\USERENV.dll
0x00007ffab62e0000 - 0x00007ffab6306000 	C:\WINDOWS\SYSTEM32\bcrypt.dll
0x00007ffab5a50000 - 0x00007ffab5a5c000 	C:\WINDOWS\SYSTEM32\CRYPTBASE.dll
0x00007ffab4c10000 - 0x00007ffab4c43000 	C:\WINDOWS\SYSTEM32\IPHLPAPI.DLL
0x00007ffab9130000 - 0x00007ffab913a000 	C:\WINDOWS\System32\NSI.dll
0x00007ffa83c50000 - 0x00007ffa83c60000 	C:\Users\Akshit soni\.jdks\openjdk-24.0.1\bin\verify.dll
0x00007ffab4c50000 - 0x00007ffab4d76000 	C:\WINDOWS\SYSTEM32\DNSAPI.dll
0x00007ffaabfb0000 - 0x00007ffaabfbb000 	C:\Windows\System32\rasadhlp.dll
0x00007ffaad340000 - 0x00007ffaad3c6000 	C:\WINDOWS\System32\fwpuclnt.dll
0x00007ffa83400000 - 0x00007ffa83408000 	C:\WINDOWS\system32\wshunix.dll

JVMTI agents:
E:\IntelliJ IDEA Community Edition 2024.3.5\lib\idea_rt.jar path:C:\Users\Akshit soni\.jdks\openjdk-24.0.1\bin\instrument.dll, loaded, initialized, instrumentlib options:49708

dbghelp: loaded successfully - version: 4.0.5 - missing functions: none
symbol engine: initialized successfully - sym options: 0x614 - pdb path: .;C:\Users\Akshit soni\.jdks\openjdk-24.0.1\bin;C:\WINDOWS\SYSTEM32;C:\WINDOWS\WinSxS\amd64_microsoft.windows.common-controls_6595b64144ccf1df_6.0.26100.4768_none_3e0c112ce331287c;C:\Users\Akshit soni\.jdks\openjdk-24.0.1\bin\server

VM Arguments:
jvm_args: -javaagent:E:\IntelliJ IDEA Community Edition 2024.3.5\lib\idea_rt.jar=49708 -Dfile.encoding=UTF-8 -Dsun.stdout.encoding=UTF-8 -Dsun.stderr.encoding=UTF-8 
java_command: com.pharmacy.pharmacy.PharmacyApplication
java_class_path (initial): E:\Pharmacy\pharmacy\target\test-classes;E:\Pharmacy\pharmacy\target\classes;C:\Users\Akshit soni\.m2\repository\org\springframework\boot\spring-boot-starter-data-jpa\3.5.5\spring-boot-starter-data-jpa-3.5.5.jar;C:\Users\Akshit soni\.m2\repository\org\springframework\boot\spring-boot-starter\3.5.5\spring-boot-starter-3.5.5.jar;C:\Users\Akshit soni\.m2\repository\org\springframework\boot\spring-boot-starter-logging\3.5.5\spring-boot-starter-logging-3.5.5.jar;C:\Users\Akshit soni\.m2\repository\ch\qos\logback\logback-classic\1.5.18\logback-classic-1.5.18.jar;C:\Users\Akshit soni\.m2\repository\ch\qos\logback\logback-core\1.5.18\logback-core-1.5.18.jar;C:\Users\Akshit soni\.m2\repository\org\apache\logging\log4j\log4j-to-slf4j\2.24.3\log4j-to-slf4j-2.24.3.jar;C:\Users\Akshit soni\.m2\repository\org\apache\logging\log4j\log4j-api\2.24.3\log4j-api-2.24.3.jar;C:\Users\Akshit soni\.m2\repository\org\slf4j\jul-to-slf4j\2.0.17\jul-to-slf4j-2.0.17.jar;C:\Users\Akshit soni\.m2\repository\jakarta\annotation\jakarta.annotation-api\2.1.1\jakarta.annotation-api-2.1.1.jar;C:\Users\Akshit soni\.m2\repository\org\yaml\snakeyaml\2.4\snakeyaml-2.4.jar;C:\Users\Akshit soni\.m2\repository\org\springframework\boot\spring-boot-starter-jdbc\3.5.5\spring-boot-starter-jdbc-3.5.5.jar;C:\Users\Akshit soni\.m2\repository\com\zaxxer\HikariCP\6.3.2\HikariCP-6.3.2.jar;C:\Users\Akshit soni\.m2\repository\org\springframework\spring-jdbc\6.2.10\spring-jdbc-6.2.10.jar;C:\Users\Akshit soni\.m2\repository\org\hibernate\orm\hibernate-core\6.6.26.Final\hibernate-core-6.6.26.Final.jar;C:\Users\Akshit soni\.m2\repository\jakarta\persistence\jakarta.persistence-api\3.1.0\jakarta.persistence-api-3.1.0.jar;C:\Users\Akshit soni\.m2\repository\jakarta\transaction\jakarta.transaction-api\2.0.1\jakarta.transaction-api-2.0.1.jar;C:\Users\Akshit soni\.m2\repository\org\jboss\logging\jboss-logging\3.6.1.Final\jboss-logging-3.6.1.Final.jar;C:\Users\Akshit soni\.m2\repository\org\hibernate\common\hibernate-commons-annotations\7.0.3.Final\hibernate-commons-annotations-7.0.3.Final.jar;C:\Users\Akshit soni\.m2\repository\io\smallrye\jandex\3.2.0\jandex-3.2.0.jar;C:\Users\Akshit soni\.m2\repository\com\fasterxml\classmate\1.7.0\classmate-1.7.0.jar;C:\Users\Akshit soni\.m2\repository\net\bytebuddy\byte-buddy\1.17.7\byte-buddy-1.17.7.jar;C:\Users\Akshit soni\.m2\repository\org\glassfish\jaxb\jaxb-runtime\4.0.5\jaxb-runtime-4.0.5.jar;C:\Users\Akshit soni\.m2\repository\org\glassfish\jaxb\jaxb-core\4.0.5\jaxb-core-4.0.5.jar;C:\Users\Akshit soni\.m2\repository\org\eclipse\angus\angus-activation\2.0.2\angus-activation-2.0.2.jar;C:\Users\Akshit soni\.m2\repository\org\glassfish\jaxb\txw2\4.0.5\txw2-4.0.5.jar;C:\Users\Akshit soni\.m2\repository\com\sun\istack\istack-commons-runtime\4.1.2\istack-commons-runtime-4.1.2.jar;C:\Users\Akshit soni\.m2\repository\jakarta\inject\jakarta.inject-api\2.0.1\jakarta.inject-api-2.0.1.jar;C:\Users\Akshit soni\.m2\repository\org\antlr\antlr4-runtime\4.13.0\antlr4-runtime-4.13.0.jar;C:\Users\Akshit soni\.m2\repository\org\springframework\data\spring-data-jpa\3.5.3\spring-data-jpa-3.5.3.jar;C:\Users\Akshit soni\.m2\repository\org\springframework\data\spring-data-commons\3.5.3\spring-data-commons-3.5.3.jar;C:\Users\Akshit soni\.m2\repository\org\springframework\spring-orm\6.2.10\spring-orm-6.2.10.jar;C:\Users\Akshit soni\.m2\repository\org\springframework\spring-context\6.2.10\spring-context-6.2.10.jar;C:\Users\Akshit soni\.m2\repository\org\springframework\spring-aop\6.2.10\spring-aop-6.2.10.jar;C:\Users\Akshit soni\.m2\repository\org\springframework\spring-tx\6.2.10\spring-tx-6.2.10.jar;C:\Users\Akshit soni\.m2\repository\org\springframework\spring-beans\6.2.10\spring-beans-6.2.10.jar;C:\Users\Akshit soni\.m2\repository\org\slf4j\slf4j-api\2.0.17\slf4j-api-2.0.17.jar;C:\Users\Akshit soni\.m2\repository\org\springframework\spring-aspects\6.2.10\spring-aspects-6.2.10.jar;C:\Users\Akshit soni\.m2\repository\org\aspectj\aspectjweaver\1.9.24\aspectjweaver-1.9.24.jar;C:\Users\Akshit soni\.m2\repository\org\springframework\boot\spring-boot-starter-validation\3.5.5\spring-boot-starter-validation-3.5.5.jar;C:\Users\Akshit soni\.m2\repository\org\apache\tomcat\embed\tomcat-embed-el\10.1.44\tomcat-embed-el-10.1.44.jar;C:\Users\Akshit soni\.m2\repository\org\hibernate\validator\hibernate-validator\8.0.3.Final\hibernate-validator-8.0.3.Final.jar;C:\Users\Akshit soni\.m2\repository\jakarta\validation\jakarta.validation-api\3.0.2\jakarta.validation-api-3.0.2.jar;C:\Users\Akshit soni\.m2\repository\org\springframework\boot\spring-boot-starter-web\3.5.5\spring-boot-starter-web-3.5.5.jar;C:\Users\Akshit soni\.m2\repository\org\springframework\boot\spring-boot-starter-json\3.5.5\spring-boot-starter-json-3.5.5.jar;C:\Users\Akshit soni\.m2\repository\com\fasterxml\jackson\core\jackson-databind\2.19.2\jackson-databind-2.19.2.jar;C:\Users\Akshit soni\.m2\repository\com\fasterxml\jackson\core\jackson-annotations\2.19.2\jackson-annotations-2.19.2.jar;C:\Users\Akshit soni\.m2\repository\com\fasterxml\jackson\core\jackson-core\2.19.2\jackson-core-2.19.2.jar;C:\Users\Akshit soni\.m2\repository\com\fasterxml\jackson\datatype\jackson-datatype-jdk8\2.19.2\jackson-datatype-jdk8-2.19.2.jar;C:\Users\Akshit soni\.m2\repository\com\fasterxml\jackson\datatype\jackson-datatype-jsr310\2.19.2\jackson-datatype-jsr310-2.19.2.jar;C:\Users\Akshit soni\.m2\repository\com\fasterxml\jackson\module\jackson-module-parameter-names\2.19.2\jackson-module-parameter-names-2.19.2.jar;C:\Users\Akshit soni\.m2\repository\org\springframework\boot\spring-boot-starter-tomcat\3.5.5\spring-boot-starter-tomcat-3.5.5.jar;C:\Users\Akshit soni\.m2\repository\org\apache\tomcat\embed\tomcat-embed-core\10.1.44\tomcat-embed-core-10.1.44.jar;C:\Users\Akshit soni\.m2\repository\org\apache\tomcat\embed\tomcat-embed-websocket\10.1.44\tomcat-embed-websocket-10.1.44.jar;C:\Users\Akshit soni\.m2\repository\org\springframework\spring-web\6.2.10\spring-web-6.2.10.jar;C:\Users\Akshit soni\.m2\repository\io\micrometer\micrometer-observation\1.15.3\micrometer-observation-1.15.3.jar;C:\Users\Akshit soni\.m2\repository\io\micrometer\micrometer-commons\1.15.3\micrometer-commons-1.15.3.jar;C:\Users\Akshit soni\.m2\repository\org\springframework\spring-webmvc\6.2.10\spring-webmvc-6.2.10.jar;C:\Users\Akshit soni\.m2\repository\org\springframework\spring-expression\6.2.10\spring-expression-6.2.10.jar;C:\Users\Akshit soni\.m2\repository\org\springframework\boot\spring-boot-devtools\3.5.5\spring-boot-devtools-3.5.5.jar;C:\Users\Akshit soni\.m2\repository\org\springframework\boot\spring-boot\3.5.5\spring-boot-3.5.5.jar;C:\Users\Akshit soni\.m2\repository\org\springframework\boot\spring-boot-autoconfigure\3.5.5\spring-boot-autoconfigure-3.5.5.jar;C:\Users\Akshit soni\.m2\repository\com\mysql\mysql-connector-j\9.4.0\mysql-connector-j-9.4.0.jar;C:\Users\Akshit soni\.m2\repository\org\projectlombok\lombok\1.18.38\lombok-1.18.38.jar;C:\Users\Akshit soni\.m2\repository\org\springframework\boot\spring-boot-starter-test\3.5.5\spring-boot-starter-test-3.5.5.jar;C:\Users\Akshit soni\.m2\repository\org\springframework\boot\spring-boot-test\3.5.5\spring-boot-test-3.5.5.jar;C:\Users\Akshit soni\.m2\repository\org\springframework\boot\spring-boot-test-autoconfigure\3.5.5\spring-boot-test-autoconfigure-3.5.5.jar;C:\Users\Akshit soni\.m2\repository\com\jayway\jsonpath\json-path\2.9.0\json-path-2.9.0.jar;C:\Users\Akshit soni\.m2\repository\jakarta\xml\bind\jakarta.xml.bind-api\4.0.2\jakarta.xml.bind-api-4.0.2.jar;C:\Users\Akshit soni\.m2\repository\jakarta\activation\jakarta.activation-api\2.1.3\jakarta.activation-api-2.1.3.jar;C:\Users\Akshit soni\.m2\repository\net\minidev\json-smart\2.5.2\json-smart-2.5.2.jar;C:\Users\Akshit soni\.m2\repository\net\minidev\accessors-smart\2.5.2\accessors-smart-2.5.2.jar;C:\Users\Akshit soni\.m2\repository\org\ow2\asm\asm\9.7.1\asm-9.7.1.jar;C:\Users\Akshit soni\.m2\repository\org\assertj\assertj-core\3.27.4\assertj-core-3.27.4.jar;C:\Users\Akshit soni\.m2\repository\org\awaitility\awaitility\4.2.2\awaitility-4.2.2.jar;C:\Users\Akshit soni\.m2\repository\org\hamcrest\hamcrest\3.0\hamcrest-3.0.jar;C:\Users\Akshit soni\.m2\repository\org\junit\jupiter\junit-jupiter\5.12.2\junit-jupiter-5.12.2.jar;C:\Users\Akshit soni\.m2\repository\org\junit\jupiter\junit-jupiter-api\5.12.2\junit-jupiter-api-5.12.2.jar;C:\Users\Akshit soni\.m2\repository\org\opentest4j\opentest4j\1.3.0\opentest4j-1.3.0.jar;C:\Users\Akshit soni\.m2\repository\org\junit\platform\junit-platform-commons\1.12.2\junit-platform-commons-1.12.2.jar;C:\Users\Akshit soni\.m2\repository\org\apiguardian\apiguardian-api\1.1.2\apiguardian-api-1.1.2.jar;C:\Users\Akshit soni\.m2\repository\org\junit\jupiter\junit-jupiter-params\5.12.2\junit-jupiter-params-5.12.2.jar;C:\Users\Akshit soni\.m2\repository\org\junit\jupiter\junit-jupiter-engine\5.12.2\junit-jupiter-engine-5.12.2.jar;C:\Users\Akshit soni\.m2\repository\org\junit\platform\junit-platform-engine\1.12.2\junit-platform-engine-1.12.2.jar;C:\Users\Akshit soni\.m2\repository\org\mockito\mockito-core\5.17.0\mockito-core-5.17.0.jar;C:\Users\Akshit soni\.m2\repository\net\bytebuddy\byte-buddy-agent\1.17.7\byte-buddy-agent-1.17.7.jar;C:\Users\Akshit soni\.m2\repository\org\objenesis\objenesis\3.3\objenesis-3.3.jar;C:\Users\Akshit soni\.m2\repository\org\mockito\mockito-junit-jupiter\5.17.0\mockito-junit-jupiter-5.17.0.jar;C:\Users\Akshit soni\.m2\repository\org\skyscreamer\jsonassert\1.5.3\jsonassert-1.5.3.jar;C:\Users\Akshit soni\.m2\repository\com\vaadin\external\google\android-json\0.0.20131108.vaadin1\android-json-0.0.20131108.vaadin1.jar;C:\Users\Akshit soni\.m2\repository\org\springframework\spring-core\6.2.10\spring-core-6.2.10.jar;C:\Users\Akshit soni\.m2\repository\org\springframework\spring-jcl\6.2.10\spring-jcl-6.2.10.jar;C:\Users\Akshit soni\.m2\repository\org\springframework\spring-test\6.2.10\spring-test-6.2.10.jar;C:\Users\Akshit soni\.m2\repository\org\xmlunit\xmlunit-core\2.10.3\xmlunit-core-2.10.3.jar
Launcher Type: SUN_STANDARD

[Global flags]
     intx CICompilerCount                          = 4                                         {product} {ergonomic}
     uint ConcGCThreads                            = 3                                         {product} {ergonomic}
     uint G1ConcRefinementThreads                  = 10                                        {product} {ergonomic}
   size_t G1HeapRegionSize                         = 2097152                                   {product} {ergonomic}
   size_t InitialHeapSize                          = 264241152                                 {product} {ergonomic}
   size_t MarkStackSize                            = 4194304                                   {product} {ergonomic}
   size_t MarkStackSizeMax                         = 536870912                                 {product} {ergonomic}
   size_t MaxHeapSize                              = 4202692608                                {product} {ergonomic}
   size_t MaxNewSize                               = 2520776704                                {product} {ergonomic}
   size_t MinHeapDeltaBytes                        = 2097152                                   {product} {ergonomic}
   size_t MinHeapSize                              = 8388608                                   {product} {ergonomic}
    uintx NonNMethodCodeHeapSize                   = 5832704                                {pd product} {ergonomic}
    uintx NonProfiledCodeHeapSize                  = 122945536                              {pd product} {ergonomic}
    uintx ProfiledCodeHeapSize                     = 122880000                              {pd product} {ergonomic}
    uintx ReservedCodeCacheSize                    = 251658240                              {pd product} {ergonomic}
     bool SegmentedCodeCache                       = true                                      {product} {ergonomic}
   size_t SoftMaxHeapSize                          = 4202692608                             {manageable} {ergonomic}
     bool UseCompressedOops                        = true                           {product lp64_product} {ergonomic}
     bool UseG1GC                                  = true                                      {product} {ergonomic}
     bool UseLargePagesIndividualAllocation        = false                                  {pd product} {ergonomic}

Logging:
Log output configuration:
 #0: stdout all=warning uptime,level,tags foldmultilines=false
 #1: stderr all=off uptime,level,tags foldmultilines=false

Environment Variables:
PATH=C:\Users\Akshit soni\AppData\Local\Programs\Python\Python313\Scripts\;C:\Users\Akshit soni\AppData\Local\Programs\Python\Python313\;C:\Program Files\Common Files\Oracle\Java\javapath;C:\Program Files (x86)\Common Files\Oracle\Java\java8path;C:\Program Files (x86)\Common Files\Oracle\Java\javapath;C:\Program Files\Eclipse Adoptium\jdk-21.0.5.11-hotspot\bin;C:\windows\system32;C:\windows;C:\windows\System32\Wbem;C:\windows\System32\WindowsPowerShell\v1.0\;C:\windows\System32\OpenSSH\;C:\Program Files (x86)\NVIDIA Corporation\PhysX\Common;C:\Program Files\NVIDIA Corporation\NVIDIA NvDLISR;C:\Users\Administrator\AppData\Local\Microsoft\WindowsApps;C:\Program Files\HP\OMEN-Broadcast\Common;C:\WINDOWS\system32;C:\WINDOWS;C:\WINDOWS\System32\Wbem;C:\WINDOWS\System32\WindowsPowerShell\v1.0\;C:\WINDOWS\System32\OpenSSH\;E:\Git\cmd;E:\Git\bin;C:\Program Files\MySQL\MySQL Server 8.0\bin;C:\Program Files\Docker\Docker\resources\bin;C:\Program Files (x86)\apache-maven-3.9.11\bin;C:\Program Files\Java\jdk-24\bin;C:\ProgramData\chocolatey\bin;C:\Users\Akshit soni\AppData\Local\nvm;C:\nvm4w\nodejs;C:\Program Files\nodejs\;C:\Program Files\MySQL\MySQL Shell 8.0\bin\;C:\Users\Akshit soni\AppData\Local\Programs\Python\Launcher\;C:\Users\Akshit soni\AppData\Local\Microsoft\WindowsApps;C:\Users\Akshit soni\AppData\Local\GitHubDesktop\bin;E:\;C:\Users\Akshit soni\AppData\Local\nvm;C:\nvm4w\nodejs;C:\Users\Akshit soni\AppData\Local\Programs\Microsoft VS Code\bin;C:\Users\Akshit soni\AppData\Roaming\npm;C:\Users\Akshit soni\AppData\Local\Programs\cursor\resources\app\bin
USERNAME=Akshit soni
OS=Windows_NT
PROCESSOR_IDENTIFIER=Intel64 Family 6 Model 186 Stepping 2, GenuineIntel
TMP=C:\Users\AKSHIT~1\AppData\Local\Temp
TEMP=C:\Users\AKSHIT~1\AppData\Local\Temp




Periodic native trim disabled

---------------  S Y S T E M  ---------------

OS:
 Windows 11 , 64 bit Build 26100 (10.0.26100.4768)
OS uptime: 0 days 15:32 hours
Hyper-V role detected

CPU: total 12 (initial active 12) (6 cores per cpu, 2 threads per core) family 6 model 186 stepping 2 microcode 0x4122, cx8, cmov, fxsr, ht, mmx, 3dnowpref, sse, sse2, sse3, ssse3, sse4.1, sse4.2, popcnt, lzcnt, tsc, tscinvbit, avx, avx2, aes, erms, clmul, bmi1, bmi2, adx, sha, fma, vzeroupper, clflush, clflushopt, clwb, hv, serialize, rdtscp, rdpid, fsrm, gfni, f16c, cet_ibt, cet_ss
Processor Information for processor 0
  Max Mhz: 2100, Current Mhz: 2100, Mhz Limit: 2100
Processor Information for processor 1
  Max Mhz: 2100, Current Mhz: 2100, Mhz Limit: 2100
Processor Information for processor 2
  Max Mhz: 2100, Current Mhz: 2100, Mhz Limit: 2100
Processor Information for processor 3
  Max Mhz: 2100, Current Mhz: 2100, Mhz Limit: 2100
Processor Information for processor 4
  Max Mhz: 2100, Current Mhz: 2100, Mhz Limit: 2100
Processor Information for processor 5
  Max Mhz: 2100, Current Mhz: 2100, Mhz Limit: 2100
Processor Information for processor 6
  Max Mhz: 2100, Current Mhz: 2100, Mhz Limit: 2100
Processor Information for processor 7
  Max Mhz: 2100, Current Mhz: 2100, Mhz Limit: 2100
Processor Information for processor 8
  Max Mhz: 2100, Current Mhz: 2100, Mhz Limit: 2100
Processor Information for processor 9
  Max Mhz: 2100, Current Mhz: 1540, Mhz Limit: 2100
Processor Information for processor 10
  Max Mhz: 2100, Current Mhz: 1540, Mhz Limit: 2100
Processor Information for processor 11
  Max Mhz: 2100, Current Mhz: 2100, Mhz Limit: 2100

Memory: 4k page, system-wide physical 16024M (1302M free)
TotalPageFile size 41546M (AvailPageFile size 15M)
current process WorkingSet (physical memory assigned to process): 110M, peak: 302M
current process commit charge ("private bytes"): 287M, peak: 418M

vm_info: OpenJDK 64-Bit Server VM (24.0.1+9-30) for windows-amd64 JRE (24.0.1+9-30), built on 2025-03-05T07:23:45Z with MS VC++ 17.6 (VS2022)

END.
